<?xml version='1.0' encoding='UTF-8'?>
<!DOCTYPE coverage SYSTEM 'http://cobertura.sourceforge.net/xml/coverage-04.dtd'>
<coverage line-rate="0.752212389381" branch-rate="0.651898734177" lines-covered="255" lines-valid="339" branches-covered="103" branches-valid="158" complexity="0.0" timestamp="1584926790" version="gcovr 4.2"><sources><source>.</source></sources><packages><package name="include" line-rate="0.941176470588" branch-rate="0.0" complexity="0.0"><classes><class name="Action_h" filename="include/Action.h" line-rate="1.0" branch-rate="0.0" complexity="0.0"><methods/><lines><line number="25" hits="105" branch="false"/></lines></class><class name="Application_h" filename="include/Application.h" line-rate="1.0" branch-rate="0.0" complexity="0.0"><methods/><lines><line number="34" hits="21" branch="false"/></lines></class><class name="ClockListener_h" filename="include/ClockListener.h" line-rate="0.75" branch-rate="0.0" complexity="0.0"><methods/><lines><line number="23" hits="196" branch="false"/><line number="25" hits="420" branch="false"/><line number="26" hits="420" branch="false"/><line number="31" hits="0" branch="false"/></lines></class><class name="Clock_h" filename="include/Clock.h" line-rate="1.0" branch-rate="0.0" complexity="0.0"><methods/><lines><line number="27" hits="28" branch="false"/></lines></class><class name="EventListener_h" filename="include/EventListener.h" line-rate="1.0" branch-rate="0.0" complexity="0.0"><methods/><lines><line number="25" hits="84" branch="false"/><line number="26" hits="84" branch="false"/><line number="27" hits="84" branch="false"/><line number="28" hits="84" branch="false"/></lines></class><class name="NonStoredAction_h" filename="include/NonStoredAction.h" line-rate="1.0" branch-rate="0.0" complexity="0.0"><methods/><lines><line number="23" hits="42" branch="false"/></lines></class><class name="StatefulObject_h" filename="include/StatefulObject.h" line-rate="1.0" branch-rate="0.0" complexity="0.0"><methods/><lines><line number="26" hits="154" branch="false"/></lines></class><class name="StepContext_h" filename="include/StepContext.h" line-rate="1.0" branch-rate="0.0" complexity="0.0"><methods/><lines><line number="23" hits="168" branch="false"/></lines></class><class name="StoredAction_h" filename="include/StoredAction.h" line-rate="1.0" branch-rate="0.0" complexity="0.0"><methods/><lines><line number="23" hits="63" branch="false"/></lines></class><class name="Timer_h" filename="include/Timer.h" line-rate="1.0" branch-rate="0.0" complexity="0.0"><methods/><lines><line number="23" hits="42" branch="false"/></lines></class><class name="Transition_h" filename="include/Transition.h" line-rate="1.0" branch-rate="0.0" complexity="0.0"><methods/><lines><line number="26" hits="21" branch="false"/></lines></class></classes></package><package name="src" line-rate="0.742236024845" branch-rate="0.651898734177" complexity="0.0"><classes><class name="Action_cpp" filename="src/Action.cpp" line-rate="0.714285714286" branch-rate="0.777777777778" complexity="0.0"><methods/><lines><line number="20" hits="49" branch="false"/><line number="21" hits="49" branch="false"/><line number="22" hits="49" branch="false"/><line number="23" hits="49" branch="false"/><line number="24" hits="49" branch="false"/><line number="25" hits="49" branch="false"/><line number="27" hits="119" branch="false"/><line number="28" hits="119" branch="false"/><line number="29" hits="119" branch="false"/><line number="30" hits="119" branch="false"/><line number="31" hits="119" branch="false"/><line number="32" hits="119" branch="false"/><line number="33" hits="21" branch="false"/><line number="34" hits="21" branch="false"/><line number="35" hits="21" branch="false"/><line number="36" hits="21" branch="false"/><line number="37" hits="21" branch="false"/><line number="38" hits="21" branch="false"/><line number="40" hits="0" branch="false"/><line number="41" hits="0" branch="false"/><line number="42" hits="0" branch="false"/><line number="43" hits="0" branch="false"/><line number="44" hits="0" branch="false"/><line number="46" hits="0" branch="false"/><line number="47" hits="0" branch="false"/><line number="48" hits="0" branch="false"/><line number="49" hits="0" branch="false"/><line number="50" hits="0" branch="false"/><line number="53" hits="189" branch="false"/><line number="55" hits="0" branch="false"/><line number="56" hits="0" branch="false"/><line number="59" hits="329" branch="false"/><line number="61" hits="329" branch="true" condition-coverage="50% (1/2)"><conditions><condition number="0" type="jump" coverage="50%"/></conditions></line><line number="62" hits="658" branch="true" condition-coverage="50% (1/2)"><conditions><condition number="0" type="jump" coverage="50%"/></conditions></line><line number="63" hits="658" branch="false"/><line number="66" hits="329" branch="true" condition-coverage="83% (5/6)"><conditions><condition number="0" type="jump" coverage="83%"/></conditions></line><line number="68" hits="329" branch="true" condition-coverage="50% (1/2)"><conditions><condition number="0" type="jump" coverage="50%"/></conditions></line><line number="70" hits="329" branch="true" condition-coverage="100% (4/4)"><conditions><condition number="0" type="jump" coverage="100%"/></conditions></line><line number="72" hits="329" branch="true" condition-coverage="87% (7/8)"><conditions><condition number="0" type="jump" coverage="87%"/></conditions></line><line number="73" hits="70" branch="true" condition-coverage="50% (1/2)"><conditions><condition number="0" type="jump" coverage="50%"/></conditions></line><line number="74" hits="259" branch="true" condition-coverage="87% (7/8)"><conditions><condition number="0" type="jump" coverage="87%"/></conditions></line><line number="75" hits="7" branch="true" condition-coverage="50% (1/2)"><conditions><condition number="0" type="jump" coverage="50%"/></conditions></line><line number="77" hits="329" branch="false"/><line number="79" hits="329" branch="false"/><line number="80" hits="329" branch="false"/><line number="81" hits="329" branch="false"/><line number="82" hits="329" branch="false"/><line number="84" hits="0" branch="false"/><line number="85" hits="0" branch="false"/></lines></class><class name="Application_cpp" filename="src/Application.cpp" line-rate="0.738461538462" branch-rate="0.586956521739" complexity="0.0"><methods/><lines><line number="20" hits="21" branch="false"/><line number="21" hits="21" branch="false"/><line number="23" hits="21" branch="false"/><line number="24" hits="21" branch="false"/><line number="25" hits="21" branch="false"/><line number="26" hits="21" branch="false"/><line number="28" hits="21" branch="false"/><line number="29" hits="21" branch="false"/><line number="30" hits="21" branch="false"/><line number="31" hits="21" branch="false"/><line number="32" hits="21" branch="false"/><line number="34" hits="42" branch="false"/><line number="36" hits="42" branch="false"/><line number="38" hits="42" branch="false"/><line number="40" hits="21" branch="false"/><line number="41" hits="21" branch="false"/><line number="43" hits="21" branch="true" condition-coverage="83% (5/6)"><conditions><condition number="0" type="jump" coverage="83%"/></conditions></line><line number="44" hits="28" branch="true" condition-coverage="100% (2/2)"><conditions><condition number="0" type="jump" coverage="100%"/></conditions></line><line number="45" hits="21" branch="true" condition-coverage="50% (2/4)"><conditions><condition number="0" type="jump" coverage="50%"/></conditions></line><line number="46" hits="21" branch="true" condition-coverage="50% (1/2)"><conditions><condition number="0" type="jump" coverage="50%"/></conditions></line><line number="49" hits="14" branch="true" condition-coverage="83% (5/6)"><conditions><condition number="0" type="jump" coverage="83%"/></conditions></line><line number="50" hits="28" branch="true" condition-coverage="100% (2/2)"><conditions><condition number="0" type="jump" coverage="100%"/></conditions></line><line number="51" hits="21" branch="true" condition-coverage="50% (1/2)"><conditions><condition number="0" type="jump" coverage="50%"/></conditions></line><line number="53" hits="7" branch="true" condition-coverage="50% (1/2)"><conditions><condition number="0" type="jump" coverage="50%"/></conditions></line><line number="54" hits="0" branch="false"/><line number="55" hits="0" branch="false"/><line number="57" hits="21" branch="false"/><line number="59" hits="0" branch="false"/><line number="60" hits="0" branch="true" condition-coverage="0% (0/2)"><conditions><condition number="0" type="jump" coverage="0%"/></conditions></line><line number="61" hits="0" branch="false"/><line number="62" hits="0" branch="true" condition-coverage="0% (0/2)"><conditions><condition number="0" type="jump" coverage="0%"/></conditions></line><line number="65" hits="0" branch="false"/><line number="66" hits="0" branch="true" condition-coverage="0% (0/2)"><conditions><condition number="0" type="jump" coverage="0%"/></conditions></line><line number="67" hits="0" branch="false"/><line number="68" hits="0" branch="true" condition-coverage="0% (0/2)"><conditions><condition number="0" type="jump" coverage="0%"/></conditions></line><line number="72" hits="21" branch="false"/><line number="73" hits="84" branch="true" condition-coverage="100% (2/2)"><conditions><condition number="0" type="jump" coverage="100%"/></conditions></line><line number="74" hits="63" branch="false"/><line number="75" hits="63" branch="true" condition-coverage="50% (1/2)"><conditions><condition number="0" type="jump" coverage="50%"/></conditions></line><line number="77" hits="21" branch="true" condition-coverage="50% (1/2)"><conditions><condition number="0" type="jump" coverage="50%"/></conditions></line><line number="78" hits="0" branch="false"/><line number="79" hits="0" branch="true" condition-coverage="0% (0/2)"><conditions><condition number="0" type="jump" coverage="0%"/></conditions></line><line number="80" hits="0" branch="false"/><line number="82" hits="21" branch="false"/><line number="84" hits="42" branch="false"/><line number="85" hits="42" branch="false"/><line number="87" hits="42" branch="false"/><line number="89" hits="42" branch="true" condition-coverage="100% (2/2)"><conditions><condition number="0" type="jump" coverage="100%"/></conditions></line><line number="90" hits="21" branch="false"/><line number="92" hits="21" branch="false"/><line number="94" hits="42" branch="false"/><line number="96" hits="0" branch="false"/><line number="97" hits="0" branch="false"/><line number="100" hits="56" branch="false"/><line number="101" hits="56" branch="false"/><line number="104" hits="21" branch="false"/><line number="105" hits="21" branch="false"/><line number="106" hits="21" branch="false"/><line number="109" hits="49" branch="false"/><line number="110" hits="49" branch="true" condition-coverage="100% (2/2)"><conditions><condition number="0" type="jump" coverage="100%"/></conditions></line><line number="111" hits="21" branch="false"/><line number="113" hits="28" branch="false"/><line number="115" hits="49" branch="false"/><line number="117" hits="0" branch="false"/><line number="118" hits="0" branch="false"/></lines></class><class name="Clock_cpp" filename="src/Clock.cpp" line-rate="0.92" branch-rate="0.75" complexity="0.0"><methods/><lines><line number="20" hits="28" branch="false"/><line number="21" hits="28" branch="false"/><line number="22" hits="28" branch="false"/><line number="23" hits="28" branch="false"/><line number="25" hits="28" branch="false"/><line number="26" hits="28" branch="false"/><line number="29" hits="28" branch="false"/><line number="30" hits="28" branch="false"/><line number="32" hits="28" branch="false"/><line number="35" hits="28" branch="false"/><line number="37" hits="56" branch="true" condition-coverage="100% (2/2)"><conditions><condition number="0" type="jump" coverage="100%"/></conditions></line><line number="38" hits="28" branch="false"/><line number="39" hits="28" branch="true" condition-coverage="50% (1/2)"><conditions><condition number="0" type="jump" coverage="50%"/></conditions></line><line number="41" hits="28" branch="false"/><line number="43" hits="28" branch="false"/><line number="44" hits="28" branch="false"/><line number="45" hits="28" branch="false"/><line number="46" hits="28" branch="false"/><line number="48" hits="0" branch="false"/><line number="49" hits="0" branch="false"/><line number="52" hits="56" branch="false"/><line number="53" hits="56" branch="false"/><line number="55" hits="28" branch="false"/><line number="56" hits="28" branch="false"/><line number="57" hits="28" branch="false"/></lines></class><class name="NonStoredAction_cpp" filename="src/NonStoredAction.cpp" line-rate="0.714285714286" branch-rate="0.0" complexity="0.0"><methods/><lines><line number="20" hits="70" branch="false"/><line number="21" hits="70" branch="false"/><line number="22" hits="70" branch="false"/><line number="23" hits="7" branch="false"/><line number="24" hits="7" branch="false"/><line number="25" hits="7" branch="false"/><line number="27" hits="0" branch="false"/><line number="28" hits="0" branch="false"/><line number="30" hits="0" branch="false"/><line number="31" hits="0" branch="false"/><line number="34" hits="77" branch="false"/><line number="35" hits="77" branch="false"/><line number="37" hits="91" branch="false"/><line number="38" hits="91" branch="false"/></lines></class><class name="StatefulObject_cpp" filename="src/StatefulObject.cpp" line-rate="0.585714285714" branch-rate="0.3125" complexity="0.0"><methods/><lines><line number="20" hits="805" branch="false"/><line number="21" hits="805" branch="false"/><line number="22" hits="805" branch="false"/><line number="23" hits="805" branch="true" condition-coverage="100% (4/4)"><conditions><condition number="0" type="jump" coverage="100%"/></conditions></line><line number="24" hits="805" branch="true" condition-coverage="100% (2/2)"><conditions><condition number="0" type="jump" coverage="100%"/></conditions></line><line number="25" hits="805" branch="false"/><line number="27" hits="308" branch="false"/><line number="28" hits="308" branch="false"/><line number="30" hits="308" branch="false"/><line number="31" hits="308" branch="false"/><line number="32" hits="308" branch="false"/><line number="33" hits="308" branch="false"/><line number="34" hits="308" branch="false"/><line number="35" hits="0" branch="false"/><line number="36" hits="0" branch="false"/><line number="37" hits="0" branch="false"/><line number="38" hits="0" branch="false"/><line number="41" hits="476" branch="false"/><line number="42" hits="476" branch="false"/><line number="44" hits="476" branch="true" condition-coverage="50% (1/2)"><conditions><condition number="0" type="jump" coverage="50%"/></conditions></line><line number="45" hits="0" branch="true" condition-coverage="0% (0/2)"><conditions><condition number="0" type="jump" coverage="0%"/></conditions></line><line number="47" hits="805" branch="true" condition-coverage="100% (2/2)"><conditions><condition number="0" type="jump" coverage="100%"/></conditions></line><line number="48" hits="329" branch="false"/><line number="50" hits="476" branch="false"/><line number="52" hits="0" branch="false"/><line number="53" hits="0" branch="true" condition-coverage="0% (0/6)"><conditions><condition number="0" type="jump" coverage="0%"/></conditions></line><line number="55" hits="0" branch="false"/><line number="56" hits="0" branch="true" condition-coverage="0% (0/4)"><conditions><condition number="0" type="jump" coverage="0%"/></conditions></line><line number="57" hits="0" branch="false"/><line number="59" hits="0" branch="false"/><line number="60" hits="0" branch="false"/><line number="61" hits="0" branch="true" condition-coverage="0% (0/2)"><conditions><condition number="0" type="jump" coverage="0%"/></conditions></line><line number="62" hits="0" branch="false"/><line number="64" hits="0" branch="false"/><line number="65" hits="0" branch="false"/><line number="66" hits="0" branch="true" condition-coverage="0% (0/4)"><conditions><condition number="0" type="jump" coverage="0%"/></conditions></line><line number="67" hits="0" branch="false"/><line number="69" hits="0" branch="false"/><line number="70" hits="0" branch="false"/><line number="71" hits="0" branch="true" condition-coverage="0% (0/2)"><conditions><condition number="0" type="jump" coverage="0%"/></conditions></line><line number="72" hits="0" branch="false"/><line number="74" hits="0" branch="false"/><line number="75" hits="0" branch="false"/><line number="76" hits="0" branch="false"/><line number="77" hits="0" branch="false"/><line number="78" hits="0" branch="false"/><line number="82" hits="329" branch="false"/><line number="83" hits="329" branch="false"/><line number="84" hits="329" branch="false"/><line number="86" hits="476" branch="false"/><line number="87" hits="476" branch="false"/><line number="88" hits="476" branch="false"/><line number="89" hits="476" branch="false"/><line number="91" hits="112" branch="false"/><line number="92" hits="112" branch="true" condition-coverage="50% (1/2)"><conditions><condition number="0" type="jump" coverage="50%"/></conditions></line><line number="93" hits="112" branch="false"/><line number="94" hits="112" branch="false"/><line number="96" hits="112" branch="false"/><line number="98" hits="63" branch="false"/><line number="99" hits="63" branch="false"/><line number="100" hits="63" branch="false"/><line number="102" hits="434" branch="false"/><line number="103" hits="434" branch="false"/><line number="105" hits="0" branch="false"/><line number="106" hits="0" branch="false"/><line number="109" hits="105" branch="false"/><line number="110" hits="105" branch="false"/><line number="111" hits="105" branch="false"/><line number="113" hits="1036" branch="false"/><line number="114" hits="1036" branch="false"/></lines></class><class name="Step_cpp" filename="src/Step.cpp" line-rate="0.636363636364" branch-rate="0.0" complexity="0.0"><methods/><lines><line number="20" hits="0" branch="false"/><line number="21" hits="0" branch="false"/><line number="24" hits="21" branch="false"/><line number="25" hits="21" branch="false"/><line number="26" hits="21" branch="false"/><line number="28" hits="21" branch="false"/><line number="29" hits="21" branch="false"/><line number="32" hits="0" branch="false"/><line number="33" hits="0" branch="false"/><line number="36" hits="21" branch="false"/><line number="37" hits="21" branch="false"/></lines></class><class name="StoredAction_cpp" filename="src/StoredAction.cpp" line-rate="0.809523809524" branch-rate="1.0" complexity="0.0"><methods/><lines><line number="20" hits="49" branch="false"/><line number="21" hits="49" branch="false"/><line number="22" hits="49" branch="false"/><line number="24" hits="49" branch="false"/><line number="25" hits="49" branch="false"/><line number="26" hits="49" branch="false"/><line number="28" hits="14" branch="false"/><line number="29" hits="14" branch="false"/><line number="30" hits="14" branch="false"/><line number="32" hits="0" branch="false"/><line number="33" hits="0" branch="false"/><line number="36" hits="0" branch="false"/><line number="37" hits="0" branch="false"/><line number="40" hits="112" branch="false"/><line number="41" hits="112" branch="false"/><line number="43" hits="238" branch="false"/><line number="44" hits="238" branch="true" condition-coverage="100% (2/2)"><conditions><condition number="0" type="jump" coverage="100%"/></conditions></line><line number="45" hits="105" branch="false"/><line number="46" hits="133" branch="true" condition-coverage="100% (4/4)"><conditions><condition number="0" type="jump" coverage="100%"/></conditions></line><line number="47" hits="42" branch="false"/><line number="49" hits="238" branch="true" condition-coverage="100% (4/4)"><conditions><condition number="0" type="jump" coverage="100%"/></conditions></line></lines></class><class name="Timer_cpp" filename="src/Timer.cpp" line-rate="0.775" branch-rate="0.833333333333" complexity="0.0"><methods/><lines><line number="20" hits="0" branch="false"/><line number="21" hits="0" branch="false"/><line number="22" hits="0" branch="false"/><line number="23" hits="0" branch="false"/><line number="26" hits="84" branch="false"/><line number="27" hits="84" branch="false"/><line number="29" hits="77" branch="false"/><line number="30" hits="77" branch="false"/><line number="31" hits="77" branch="false"/><line number="32" hits="77" branch="false"/><line number="33" hits="77" branch="false"/><line number="35" hits="7" branch="false"/><line number="36" hits="7" branch="false"/><line number="37" hits="7" branch="false"/><line number="38" hits="7" branch="false"/><line number="39" hits="7" branch="false"/><line number="41" hits="154" branch="false"/><line number="42" hits="154" branch="true" condition-coverage="100% (2/2)"><conditions><condition number="0" type="jump" coverage="100%"/></conditions></line><line number="43" hits="140" branch="false"/><line number="44" hits="140" branch="false"/><line number="45" hits="140" branch="false"/><line number="46" hits="280" branch="false"/><line number="47" hits="140" branch="true" condition-coverage="83% (5/6)"><conditions><condition number="0" type="jump" coverage="83%"/></conditions></line><line number="49" hits="154" branch="true" condition-coverage="100% (2/2)"><conditions><condition number="0" type="jump" coverage="100%"/></conditions></line><line number="50" hits="49" branch="false"/><line number="52" hits="154" branch="false"/><line number="54" hits="28" branch="false"/><line number="55" hits="28" branch="true" condition-coverage="50% (1/2)"><conditions><condition number="0" type="jump" coverage="50%"/></conditions></line><line number="56" hits="0" branch="false"/><line number="57" hits="0" branch="false"/><line number="59" hits="28" branch="false"/><line number="60" hits="21" branch="false"/><line number="61" hits="21" branch="false"/><line number="62" hits="21" branch="false"/><line number="63" hits="21" branch="false"/><line number="65" hits="0" branch="false"/><line number="66" hits="0" branch="false"/><line number="67" hits="0" branch="false"/><line number="70" hits="231" branch="false"/><line number="71" hits="231" branch="false"/></lines></class><class name="Transition_cpp" filename="src/Transition.cpp" line-rate="1.0" branch-rate="0.833333333333" complexity="0.0"><methods/><lines><line number="20" hits="21" branch="false"/><line number="22" hits="21" branch="false"/><line number="23" hits="21" branch="false"/><line number="24" hits="21" branch="false"/><line number="25" hits="21" branch="false"/><line number="26" hits="21" branch="false"/><line number="28" hits="42" branch="false"/><line number="29" hits="42" branch="false"/><line number="31" hits="21" branch="false"/><line number="32" hits="21" branch="false"/><line number="33" hits="21" branch="false"/><line number="34" hits="21" branch="false"/><line number="35" hits="21" branch="false"/><line number="37" hits="21" branch="false"/><line number="38" hits="21" branch="false"/><line number="40" hits="84" branch="true" condition-coverage="100% (2/2)"><conditions><condition number="0" type="jump" coverage="100%"/></conditions></line><line number="41" hits="63" branch="false"/><line number="42" hits="126" branch="true" condition-coverage="50% (1/2)"><conditions><condition number="0" type="jump" coverage="50%"/></conditions></line><line number="43" hits="63" branch="false"/><line number="46" hits="21" branch="true" condition-coverage="100% (6/6)"><conditions><condition number="0" type="jump" coverage="100%"/></conditions></line><line number="47" hits="28" branch="true" condition-coverage="100% (2/2)"><conditions><condition number="0" type="jump" coverage="100%"/></conditions></line><line number="48" hits="42" branch="true" condition-coverage="50% (1/2)"><conditions><condition number="0" type="jump" coverage="50%"/></conditions></line><line number="49" hits="21" branch="false"/><line number="51" hits="28" branch="true" condition-coverage="100% (2/2)"><conditions><condition number="0" type="jump" coverage="100%"/></conditions></line><line number="52" hits="42" branch="true" condition-coverage="50% (1/2)"><conditions><condition number="0" type="jump" coverage="50%"/></conditions></line><line number="53" hits="21" branch="false"/><line number="56" hits="21" branch="false"/></lines></class></classes></package></packages></coverage>