<?xml version="1.0" encoding="UTF-8" ?>
<!DOCTYPE coverage SYSTEM 'http://cobertura.sourceforge.net/xml/coverage-04.dtd'>
<coverage line-rate="0.7583081571" branch-rate="0.606382978723" lines-covered="251" lines-valid="331" branches-covered="114" branches-valid="188" complexity="0.0" timestamp="1582073895" version="gcovr 4.2">
    <sources>
        <source>.</source>
    </sources>
    <packages>
        <package name="src" line-rate="0.738461538462" branch-rate="0.587209302326" complexity="0.0">
            <classes>
                <class name="Action_cpp" filename="src/Action.cpp" line-rate="0.733333333333" branch-rate="0.59375" complexity="0.0">
                    <methods />
                    <lines>
                        <line number="12" hits="7" branch="false" />
                        <line number="13" hits="7" branch="true" condition-coverage="50% (1/2)">
                            <conditions>
                                <condition number="0" type="jump" coverage="50%" />
                            </conditions>
                        </line>
                        <line number="14" hits="7" branch="false" />
                        <line number="15" hits="7" branch="false" />
                        <line number="16" hits="7" branch="true" condition-coverage="50% (1/2)">
                            <conditions>
                                <condition number="0" type="jump" coverage="50%" />
                            </conditions>
                        </line>
                        <line number="17" hits="7" branch="false" />
                        <line number="19" hits="17" branch="false" />
                        <line number="20" hits="17" branch="true" condition-coverage="50% (1/2)">
                            <conditions>
                                <condition number="0" type="jump" coverage="50%" />
                            </conditions>
                        </line>
                        <line number="21" hits="17" branch="false" />
                        <line number="22" hits="17" branch="false" />
                        <line number="23" hits="17" branch="true" condition-coverage="50% (1/2)">
                            <conditions>
                                <condition number="0" type="jump" coverage="50%" />
                            </conditions>
                        </line>
                        <line number="24" hits="17" branch="false" />
                        <line number="25" hits="3" branch="false" />
                        <line number="26" hits="3" branch="true" condition-coverage="50% (1/2)">
                            <conditions>
                                <condition number="0" type="jump" coverage="50%" />
                            </conditions>
                        </line>
                        <line number="27" hits="3" branch="false" />
                        <line number="28" hits="3" branch="false" />
                        <line number="29" hits="3" branch="true" condition-coverage="50% (1/2)">
                            <conditions>
                                <condition number="0" type="jump" coverage="50%" />
                            </conditions>
                        </line>
                        <line number="30" hits="3" branch="false" />
                        <line number="32" hits="0" branch="false" />
                        <line number="33" hits="0" branch="true" condition-coverage="0% (0/2)">
                            <conditions>
                                <condition number="0" type="jump" coverage="0%" />
                            </conditions>
                        </line>
                        <line number="34" hits="0" branch="false" />
                        <line number="35" hits="0" branch="false" />
                        <line number="36" hits="0" branch="true" condition-coverage="0% (0/2)">
                            <conditions>
                                <condition number="0" type="jump" coverage="0%" />
                            </conditions>
                        </line>
                        <line number="38" hits="0" branch="false" />
                        <line number="39" hits="0" branch="true" condition-coverage="0% (0/2)">
                            <conditions>
                                <condition number="0" type="jump" coverage="0%" />
                            </conditions>
                        </line>
                        <line number="40" hits="0" branch="false" />
                        <line number="41" hits="0" branch="false" />
                        <line number="42" hits="0" branch="true" condition-coverage="0% (0/2)">
                            <conditions>
                                <condition number="0" type="jump" coverage="0%" />
                            </conditions>
                        </line>
                        <line number="45" hits="27" branch="false" />
                        <line number="47" hits="0" branch="false" />
                        <line number="48" hits="0" branch="false" />
                        <line number="51" hits="47" branch="false" />
                        <line number="53" hits="47" branch="true" condition-coverage="50% (1/2)">
                            <conditions>
                                <condition number="0" type="jump" coverage="50%" />
                            </conditions>
                        </line>
                        <line number="54" hits="94" branch="true" condition-coverage="50% (1/2)">
                            <conditions>
                                <condition number="0" type="jump" coverage="50%" />
                            </conditions>
                        </line>
                        <line number="55" hits="94" branch="false" />
                        <line number="58" hits="47" branch="true" condition-coverage="83% (5/6)">
                            <conditions>
                                <condition number="0" type="jump" coverage="83%" />
                            </conditions>
                        </line>
                        <line number="60" hits="47" branch="true" condition-coverage="50% (1/2)">
                            <conditions>
                                <condition number="0" type="jump" coverage="50%" />
                            </conditions>
                        </line>
                        <line number="62" hits="47" branch="true" condition-coverage="100% (4/4)">
                            <conditions>
                                <condition number="0" type="jump" coverage="100%" />
                            </conditions>
                        </line>
                        <line number="63" hits="27" branch="true" condition-coverage="50% (1/2)">
                            <conditions>
                                <condition number="0" type="jump" coverage="50%" />
                            </conditions>
                        </line>
                        <line number="65" hits="20" branch="true" condition-coverage="50% (1/2)">
                            <conditions>
                                <condition number="0" type="jump" coverage="50%" />
                            </conditions>
                        </line>
                        <line number="68" hits="47" branch="true" condition-coverage="80% (8/10)">
                            <conditions>
                                <condition number="0" type="jump" coverage="80%" />
                            </conditions>
                        </line>
                        <line number="69" hits="10" branch="true" condition-coverage="50% (1/2)">
                            <conditions>
                                <condition number="0" type="jump" coverage="50%" />
                            </conditions>
                        </line>
                        <line number="70" hits="37" branch="true" condition-coverage="80% (8/10)">
                            <conditions>
                                <condition number="0" type="jump" coverage="80%" />
                            </conditions>
                        </line>
                        <line number="71" hits="1" branch="true" condition-coverage="50% (1/2)">
                            <conditions>
                                <condition number="0" type="jump" coverage="50%" />
                            </conditions>
                        </line>
                        <line number="73" hits="47" branch="false" />
                    </lines>
                </class>
                <class name="Action_h" filename="src/Action.h" line-rate="1.0" branch-rate="0.0" complexity="0.0">
                    <methods />
                    <lines>
                        <line number="17" hits="15" branch="false" />
                    </lines>
                </class>
                <class name="Application_cpp" filename="src/Application.cpp" line-rate="0.761904761905" branch-rate="0.586956521739" complexity="0.0">
                    <methods />
                    <lines>
                        <line number="12" hits="3" branch="false" />
                        <line number="13" hits="3" branch="false" />
                        <line number="15" hits="3" branch="false" />
                        <line number="16" hits="3" branch="false" />
                        <line number="17" hits="3" branch="false" />
                        <line number="18" hits="3" branch="false" />
                        <line number="20" hits="3" branch="false" />
                        <line number="21" hits="3" branch="false" />
                        <line number="22" hits="3" branch="false" />
                        <line number="23" hits="3" branch="false" />
                        <line number="24" hits="3" branch="false" />
                        <line number="26" hits="6" branch="false" />
                        <line number="28" hits="6" branch="false" />
                        <line number="30" hits="6" branch="false" />
                        <line number="32" hits="3" branch="false" />
                        <line number="33" hits="3" branch="false" />
                        <line number="35" hits="3" branch="true" condition-coverage="83% (5/6)">
                            <conditions>
                                <condition number="0" type="jump" coverage="83%" />
                            </conditions>
                        </line>
                        <line number="36" hits="4" branch="true" condition-coverage="100% (2/2)">
                            <conditions>
                                <condition number="0" type="jump" coverage="100%" />
                            </conditions>
                        </line>
                        <line number="37" hits="3" branch="true" condition-coverage="50% (2/4)">
                            <conditions>
                                <condition number="0" type="jump" coverage="50%" />
                            </conditions>
                        </line>
                        <line number="38" hits="3" branch="true" condition-coverage="50% (1/2)">
                            <conditions>
                                <condition number="0" type="jump" coverage="50%" />
                            </conditions>
                        </line>
                        <line number="41" hits="2" branch="true" condition-coverage="83% (5/6)">
                            <conditions>
                                <condition number="0" type="jump" coverage="83%" />
                            </conditions>
                        </line>
                        <line number="42" hits="4" branch="true" condition-coverage="100% (2/2)">
                            <conditions>
                                <condition number="0" type="jump" coverage="100%" />
                            </conditions>
                        </line>
                        <line number="43" hits="3" branch="true" condition-coverage="50% (1/2)">
                            <conditions>
                                <condition number="0" type="jump" coverage="50%" />
                            </conditions>
                        </line>
                        <line number="45" hits="1" branch="true" condition-coverage="50% (1/2)">
                            <conditions>
                                <condition number="0" type="jump" coverage="50%" />
                            </conditions>
                        </line>
                        <line number="46" hits="0" branch="false" />
                        <line number="47" hits="0" branch="false" />
                        <line number="49" hits="3" branch="false" />
                        <line number="51" hits="0" branch="false" />
                        <line number="52" hits="0" branch="true" condition-coverage="0% (0/2)">
                            <conditions>
                                <condition number="0" type="jump" coverage="0%" />
                            </conditions>
                        </line>
                        <line number="53" hits="0" branch="false" />
                        <line number="54" hits="0" branch="true" condition-coverage="0% (0/2)">
                            <conditions>
                                <condition number="0" type="jump" coverage="0%" />
                            </conditions>
                        </line>
                        <line number="57" hits="0" branch="false" />
                        <line number="58" hits="0" branch="true" condition-coverage="0% (0/2)">
                            <conditions>
                                <condition number="0" type="jump" coverage="0%" />
                            </conditions>
                        </line>
                        <line number="59" hits="0" branch="false" />
                        <line number="60" hits="0" branch="true" condition-coverage="0% (0/2)">
                            <conditions>
                                <condition number="0" type="jump" coverage="0%" />
                            </conditions>
                        </line>
                        <line number="64" hits="3" branch="false" />
                        <line number="65" hits="12" branch="true" condition-coverage="100% (2/2)">
                            <conditions>
                                <condition number="0" type="jump" coverage="100%" />
                            </conditions>
                        </line>
                        <line number="66" hits="9" branch="false" />
                        <line number="67" hits="9" branch="true" condition-coverage="50% (1/2)">
                            <conditions>
                                <condition number="0" type="jump" coverage="50%" />
                            </conditions>
                        </line>
                        <line number="69" hits="3" branch="true" condition-coverage="50% (1/2)">
                            <conditions>
                                <condition number="0" type="jump" coverage="50%" />
                            </conditions>
                        </line>
                        <line number="70" hits="0" branch="false" />
                        <line number="71" hits="0" branch="true" condition-coverage="0% (0/2)">
                            <conditions>
                                <condition number="0" type="jump" coverage="0%" />
                            </conditions>
                        </line>
                        <line number="72" hits="0" branch="false" />
                        <line number="74" hits="3" branch="false" />
                        <line number="76" hits="6" branch="false" />
                        <line number="77" hits="6" branch="false" />
                        <line number="79" hits="6" branch="false" />
                        <line number="81" hits="6" branch="true" condition-coverage="100% (2/2)">
                            <conditions>
                                <condition number="0" type="jump" coverage="100%" />
                            </conditions>
                        </line>
                        <line number="82" hits="3" branch="false" />
                        <line number="84" hits="3" branch="false" />
                        <line number="86" hits="6" branch="false" />
                        <line number="88" hits="0" branch="false" />
                        <line number="89" hits="0" branch="false" />
                        <line number="92" hits="8" branch="false" />
                        <line number="93" hits="8" branch="false" />
                        <line number="96" hits="3" branch="false" />
                        <line number="97" hits="3" branch="false" />
                        <line number="98" hits="3" branch="false" />
                        <line number="101" hits="7" branch="false" />
                        <line number="102" hits="7" branch="true" condition-coverage="100% (2/2)">
                            <conditions>
                                <condition number="0" type="jump" coverage="100%" />
                            </conditions>
                        </line>
                        <line number="103" hits="3" branch="false" />
                        <line number="105" hits="4" branch="false" />
                        <line number="107" hits="7" branch="false" />
                    </lines>
                </class>
                <class name="Application_h" filename="src/Application.h" line-rate="1.0" branch-rate="0.0" complexity="0.0">
                    <methods />
                    <lines>
                        <line number="26" hits="3" branch="false" />
                    </lines>
                </class>
                <class name="EventListener_h" filename="src/EventListener.h" line-rate="1.0" branch-rate="0.0" complexity="0.0">
                    <methods />
                    <lines>
                        <line number="17" hits="12" branch="false" />
                        <line number="18" hits="12" branch="false" />
                        <line number="19" hits="12" branch="false" />
                        <line number="20" hits="12" branch="false" />
                    </lines>
                </class>
                <class name="NonStoredAction_cpp" filename="src/NonStoredAction.cpp" line-rate="0.714285714286" branch-rate="0.0" complexity="0.0">
                    <methods />
                    <lines>
                        <line number="12" hits="10" branch="false" />
                        <line number="13" hits="10" branch="false" />
                        <line number="14" hits="10" branch="false" />
                        <line number="15" hits="1" branch="false" />
                        <line number="16" hits="1" branch="false" />
                        <line number="17" hits="1" branch="false" />
                        <line number="19" hits="0" branch="false" />
                        <line number="20" hits="0" branch="false" />
                        <line number="22" hits="0" branch="false" />
                        <line number="23" hits="0" branch="false" />
                        <line number="26" hits="11" branch="false" />
                        <line number="27" hits="11" branch="false" />
                        <line number="29" hits="13" branch="false" />
                        <line number="30" hits="13" branch="false" />
                    </lines>
                </class>
                <class name="NonStoredAction_h" filename="src/NonStoredAction.h" line-rate="1.0" branch-rate="0.0" complexity="0.0">
                    <methods />
                    <lines>
                        <line number="15" hits="6" branch="false" />
                    </lines>
                </class>
                <class name="StatefulObject_cpp" filename="src/StatefulObject.cpp" line-rate="0.573529411765" branch-rate="0.323529411765" complexity="0.0">
                    <methods />
                    <lines>
                        <line number="12" hits="98" branch="false" />
                        <line number="13" hits="98" branch="false" />
                        <line number="15" hits="98" branch="false" />
                        <line number="16" hits="98" branch="false" />
                        <line number="17" hits="98" branch="false" />
                        <line number="18" hits="98" branch="false" />
                        <line number="19" hits="98" branch="false" />
                        <line number="20" hits="0" branch="false" />
                        <line number="21" hits="0" branch="false" />
                        <line number="22" hits="0" branch="false" />
                        <line number="23" hits="0" branch="false" />
                        <line number="26" hits="68" branch="false" />
                        <line number="27" hits="68" branch="false" />
                        <line number="29" hits="68" branch="true" condition-coverage="50% (1/2)">
                            <conditions>
                                <condition number="0" type="jump" coverage="50%" />
                            </conditions>
                        </line>
                        <line number="30" hits="0" branch="true" condition-coverage="0% (0/2)">
                            <conditions>
                                <condition number="0" type="jump" coverage="0%" />
                            </conditions>
                        </line>
                        <line number="32" hits="115" branch="true" condition-coverage="100% (2/2)">
                            <conditions>
                                <condition number="0" type="jump" coverage="100%" />
                            </conditions>
                        </line>
                        <line number="33" hits="47" branch="true" condition-coverage="50% (1/2)">
                            <conditions>
                                <condition number="0" type="jump" coverage="50%" />
                            </conditions>
                        </line>
                        <line number="35" hits="68" branch="false" />
                        <line number="37" hits="0" branch="false" />
                        <line number="38" hits="0" branch="true" condition-coverage="0% (0/6)">
                            <conditions>
                                <condition number="0" type="jump" coverage="0%" />
                            </conditions>
                        </line>
                        <line number="40" hits="0" branch="false" />
                        <line number="41" hits="0" branch="true" condition-coverage="0% (0/4)">
                            <conditions>
                                <condition number="0" type="jump" coverage="0%" />
                            </conditions>
                        </line>
                        <line number="42" hits="0" branch="false" />
                        <line number="44" hits="0" branch="false" />
                        <line number="45" hits="0" branch="false" />
                        <line number="46" hits="0" branch="true" condition-coverage="0% (0/2)">
                            <conditions>
                                <condition number="0" type="jump" coverage="0%" />
                            </conditions>
                        </line>
                        <line number="47" hits="0" branch="false" />
                        <line number="49" hits="0" branch="false" />
                        <line number="50" hits="0" branch="false" />
                        <line number="51" hits="0" branch="true" condition-coverage="0% (0/4)">
                            <conditions>
                                <condition number="0" type="jump" coverage="0%" />
                            </conditions>
                        </line>
                        <line number="52" hits="0" branch="false" />
                        <line number="54" hits="0" branch="false" />
                        <line number="55" hits="0" branch="false" />
                        <line number="56" hits="0" branch="true" condition-coverage="0% (0/2)">
                            <conditions>
                                <condition number="0" type="jump" coverage="0%" />
                            </conditions>
                        </line>
                        <line number="57" hits="0" branch="false" />
                        <line number="59" hits="0" branch="false" />
                        <line number="60" hits="0" branch="false" />
                        <line number="61" hits="0" branch="false" />
                        <line number="62" hits="0" branch="false" />
                        <line number="63" hits="0" branch="false" />
                        <line number="67" hits="47" branch="false" />
                        <line number="68" hits="47" branch="false" />
                        <line number="69" hits="47" branch="false" />
                        <line number="71" hits="68" branch="false" />
                        <line number="72" hits="68" branch="false" />
                        <line number="73" hits="68" branch="false" />
                        <line number="74" hits="68" branch="false" />
                        <line number="75" hits="87" branch="true" condition-coverage="83% (5/6)">
                            <conditions>
                                <condition number="0" type="jump" coverage="83%" />
                            </conditions>
                        </line>
                        <line number="76" hits="19" branch="false" />
                        <line number="77" hits="68" branch="false" />
                        <line number="78" hits="68" branch="false" />
                        <line number="80" hits="43" branch="false" />
                        <line number="81" hits="43" branch="true" condition-coverage="100% (2/2)">
                            <conditions>
                                <condition number="0" type="jump" coverage="100%" />
                            </conditions>
                        </line>
                        <line number="82" hits="26" branch="false" />
                        <line number="83" hits="26" branch="false" />
                        <line number="85" hits="43" branch="false" />
                        <line number="87" hits="29" branch="false" />
                        <line number="88" hits="29" branch="false" />
                        <line number="89" hits="29" branch="false" />
                        <line number="91" hits="62" branch="false" />
                        <line number="92" hits="62" branch="false" />
                        <line number="94" hits="0" branch="false" />
                        <line number="95" hits="0" branch="false" />
                        <line number="98" hits="15" branch="false" />
                        <line number="99" hits="15" branch="false" />
                        <line number="100" hits="15" branch="false" />
                        <line number="102" hits="232" branch="false" />
                        <line number="103" hits="232" branch="false" />
                    </lines>
                </class>
                <class name="StatefulObject_h" filename="src/StatefulObject.h" line-rate="1.0" branch-rate="0.0" complexity="0.0">
                    <methods />
                    <lines>
                        <line number="16" hits="64" branch="false" />
                    </lines>
                </class>
                <class name="StepContext_h" filename="src/StepContext.h" line-rate="1.0" branch-rate="0.0" complexity="0.0">
                    <methods />
                    <lines>
                        <line number="15" hits="24" branch="false" />
                    </lines>
                </class>
                <class name="Step_cpp" filename="src/Step.cpp" line-rate="0.636363636364" branch-rate="0.0" complexity="0.0">
                    <methods />
                    <lines>
                        <line number="12" hits="0" branch="false" />
                        <line number="13" hits="0" branch="false" />
                        <line number="16" hits="3" branch="false" />
                        <line number="17" hits="3" branch="false" />
                        <line number="18" hits="3" branch="false" />
                        <line number="20" hits="3" branch="false" />
                        <line number="21" hits="3" branch="false" />
                        <line number="24" hits="0" branch="false" />
                        <line number="25" hits="0" branch="false" />
                        <line number="28" hits="3" branch="false" />
                        <line number="29" hits="3" branch="false" />
                    </lines>
                </class>
                <class name="StoredAction_cpp" filename="src/StoredAction.cpp" line-rate="0.809523809524" branch-rate="1.0" complexity="0.0">
                    <methods />
                    <lines>
                        <line number="12" hits="7" branch="false" />
                        <line number="13" hits="7" branch="false" />
                        <line number="14" hits="7" branch="false" />
                        <line number="16" hits="7" branch="false" />
                        <line number="17" hits="7" branch="false" />
                        <line number="18" hits="7" branch="false" />
                        <line number="20" hits="2" branch="false" />
                        <line number="21" hits="2" branch="false" />
                        <line number="22" hits="2" branch="false" />
                        <line number="24" hits="0" branch="false" />
                        <line number="25" hits="0" branch="false" />
                        <line number="28" hits="0" branch="false" />
                        <line number="29" hits="0" branch="false" />
                        <line number="32" hits="16" branch="false" />
                        <line number="33" hits="16" branch="false" />
                        <line number="35" hits="34" branch="false" />
                        <line number="36" hits="34" branch="true" condition-coverage="100% (2/2)">
                            <conditions>
                                <condition number="0" type="jump" coverage="100%" />
                            </conditions>
                        </line>
                        <line number="37" hits="15" branch="false" />
                        <line number="38" hits="19" branch="true" condition-coverage="100% (4/4)">
                            <conditions>
                                <condition number="0" type="jump" coverage="100%" />
                            </conditions>
                        </line>
                        <line number="39" hits="6" branch="false" />
                        <line number="41" hits="34" branch="true" condition-coverage="100% (4/4)">
                            <conditions>
                                <condition number="0" type="jump" coverage="100%" />
                            </conditions>
                        </line>
                    </lines>
                </class>
                <class name="StoredAction_h" filename="src/StoredAction.h" line-rate="1.0" branch-rate="0.0" complexity="0.0">
                    <methods />
                    <lines>
                        <line number="15" hits="9" branch="false" />
                    </lines>
                </class>
                <class name="Transition_cpp" filename="src/Transition.cpp" line-rate="1.0" branch-rate="0.833333333333" complexity="0.0">
                    <methods />
                    <lines>
                        <line number="12" hits="3" branch="false" />
                        <line number="14" hits="3" branch="false" />
                        <line number="15" hits="3" branch="false" />
                        <line number="16" hits="3" branch="false" />
                        <line number="17" hits="3" branch="false" />
                        <line number="18" hits="3" branch="false" />
                        <line number="20" hits="6" branch="false" />
                        <line number="21" hits="6" branch="false" />
                        <line number="23" hits="3" branch="false" />
                        <line number="24" hits="3" branch="false" />
                        <line number="25" hits="3" branch="false" />
                        <line number="26" hits="3" branch="false" />
                        <line number="27" hits="3" branch="false" />
                        <line number="29" hits="3" branch="false" />
                        <line number="30" hits="3" branch="false" />
                        <line number="32" hits="12" branch="true" condition-coverage="100% (2/2)">
                            <conditions>
                                <condition number="0" type="jump" coverage="100%" />
                            </conditions>
                        </line>
                        <line number="33" hits="9" branch="false" />
                        <line number="34" hits="18" branch="true" condition-coverage="50% (1/2)">
                            <conditions>
                                <condition number="0" type="jump" coverage="50%" />
                            </conditions>
                        </line>
                        <line number="35" hits="9" branch="false" />
                        <line number="38" hits="3" branch="true" condition-coverage="100% (6/6)">
                            <conditions>
                                <condition number="0" type="jump" coverage="100%" />
                            </conditions>
                        </line>
                        <line number="39" hits="4" branch="true" condition-coverage="100% (2/2)">
                            <conditions>
                                <condition number="0" type="jump" coverage="100%" />
                            </conditions>
                        </line>
                        <line number="40" hits="6" branch="true" condition-coverage="50% (1/2)">
                            <conditions>
                                <condition number="0" type="jump" coverage="50%" />
                            </conditions>
                        </line>
                        <line number="41" hits="3" branch="false" />
                        <line number="43" hits="4" branch="true" condition-coverage="100% (2/2)">
                            <conditions>
                                <condition number="0" type="jump" coverage="100%" />
                            </conditions>
                        </line>
                        <line number="44" hits="6" branch="true" condition-coverage="50% (1/2)">
                            <conditions>
                                <condition number="0" type="jump" coverage="50%" />
                            </conditions>
                        </line>
                        <line number="45" hits="3" branch="false" />
                        <line number="48" hits="3" branch="false" />
                    </lines>
                </class>
                <class name="Transition_h" filename="src/Transition.h" line-rate="1.0" branch-rate="0.0" complexity="0.0">
                    <methods />
                    <lines>
                        <line number="18" hits="3" branch="false" />
                    </lines>
                </class>
            </classes>
        </package>
        <package name="src.time" line-rate="0.830985915493" branch-rate="0.8125" complexity="0.0">
            <classes>
                <class name="ClockListener_h" filename="src/time/ClockListener.h" line-rate="0.75" branch-rate="0.0" complexity="0.0">
                    <methods />
                    <lines>
                        <line number="15" hits="70" branch="false" />
                        <line number="17" hits="114" branch="false" />
                        <line number="18" hits="114" branch="false" />
                        <line number="23" hits="0" branch="false" />
                    </lines>
                </class>
                <class name="Clock_cpp" filename="src/time/Clock.cpp" line-rate="0.92" branch-rate="0.75" complexity="0.0">
                    <methods />
                    <lines>
                        <line number="12" hits="4" branch="false" />
                        <line number="13" hits="4" branch="false" />
                        <line number="14" hits="4" branch="false" />
                        <line number="15" hits="4" branch="false" />
                        <line number="17" hits="4" branch="false" />
                        <line number="18" hits="4" branch="false" />
                        <line number="21" hits="4" branch="false" />
                        <line number="22" hits="4" branch="false" />
                        <line number="24" hits="4" branch="false" />
                        <line number="27" hits="4" branch="false" />
                        <line number="29" hits="8" branch="true" condition-coverage="100% (2/2)">
                            <conditions>
                                <condition number="0" type="jump" coverage="100%" />
                            </conditions>
                        </line>
                        <line number="30" hits="4" branch="false" />
                        <line number="31" hits="4" branch="true" condition-coverage="50% (1/2)">
                            <conditions>
                                <condition number="0" type="jump" coverage="50%" />
                            </conditions>
                        </line>
                        <line number="33" hits="4" branch="false" />
                        <line number="35" hits="4" branch="false" />
                        <line number="36" hits="4" branch="false" />
                        <line number="37" hits="4" branch="false" />
                        <line number="38" hits="4" branch="false" />
                        <line number="40" hits="0" branch="false" />
                        <line number="41" hits="0" branch="false" />
                        <line number="44" hits="8" branch="false" />
                        <line number="45" hits="8" branch="false" />
                        <line number="47" hits="4" branch="false" />
                        <line number="48" hits="4" branch="false" />
                        <line number="49" hits="4" branch="false" />
                    </lines>
                </class>
                <class name="Clock_h" filename="src/time/Clock.h" line-rate="1.0" branch-rate="0.0" complexity="0.0">
                    <methods />
                    <lines>
                        <line number="19" hits="4" branch="false" />
                    </lines>
                </class>
                <class name="Timer_cpp" filename="src/time/Timer.cpp" line-rate="0.775" branch-rate="0.833333333333" complexity="0.0">
                    <methods />
                    <lines>
                        <line number="12" hits="0" branch="false" />
                        <line number="13" hits="0" branch="false" />
                        <line number="14" hits="0" branch="false" />
                        <line number="15" hits="0" branch="false" />
                        <line number="18" hits="12" branch="false" />
                        <line number="19" hits="12" branch="false" />
                        <line number="21" hits="11" branch="false" />
                        <line number="22" hits="11" branch="false" />
                        <line number="23" hits="11" branch="false" />
                        <line number="24" hits="11" branch="false" />
                        <line number="25" hits="11" branch="false" />
                        <line number="27" hits="1" branch="false" />
                        <line number="28" hits="1" branch="false" />
                        <line number="29" hits="1" branch="false" />
                        <line number="30" hits="1" branch="false" />
                        <line number="31" hits="1" branch="false" />
                        <line number="33" hits="22" branch="false" />
                        <line number="34" hits="22" branch="true" condition-coverage="100% (2/2)">
                            <conditions>
                                <condition number="0" type="jump" coverage="100%" />
                            </conditions>
                        </line>
                        <line number="35" hits="20" branch="false" />
                        <line number="36" hits="20" branch="false" />
                        <line number="37" hits="20" branch="false" />
                        <line number="38" hits="40" branch="false" />
                        <line number="39" hits="20" branch="true" condition-coverage="83% (5/6)">
                            <conditions>
                                <condition number="0" type="jump" coverage="83%" />
                            </conditions>
                        </line>
                        <line number="41" hits="22" branch="true" condition-coverage="100% (2/2)">
                            <conditions>
                                <condition number="0" type="jump" coverage="100%" />
                            </conditions>
                        </line>
                        <line number="42" hits="7" branch="false" />
                        <line number="44" hits="22" branch="false" />
                        <line number="46" hits="4" branch="false" />
                        <line number="47" hits="4" branch="true" condition-coverage="50% (1/2)">
                            <conditions>
                                <condition number="0" type="jump" coverage="50%" />
                            </conditions>
                        </line>
                        <line number="48" hits="0" branch="false" />
                        <line number="49" hits="0" branch="false" />
                        <line number="51" hits="4" branch="false" />
                        <line number="52" hits="3" branch="false" />
                        <line number="53" hits="3" branch="false" />
                        <line number="54" hits="3" branch="false" />
                        <line number="55" hits="3" branch="false" />
                        <line number="57" hits="0" branch="false" />
                        <line number="58" hits="0" branch="false" />
                        <line number="59" hits="0" branch="false" />
                        <line number="62" hits="33" branch="false" />
                        <line number="63" hits="33" branch="false" />
                    </lines>
                </class>
                <class name="Timer_h" filename="src/time/Timer.h" line-rate="1.0" branch-rate="0.0" complexity="0.0">
                    <methods />
                    <lines>
                        <line number="15" hits="6" branch="false" />
                    </lines>
                </class>
            </classes>
        </package>
    </packages>
</coverage>